<?xml version="1.0" encoding="UTF-8"?>
<!-- Generated by org.testng.reporters.JUnitXMLReporter -->
<testsuite ignored="0" hostname="agnes_pc" failures="0" tests="4" name="Surefire test" time="2.906" errors="0" timestamp="2026-03-16T20:25:07 CET">
  <testcase classname="com.qa.tests.ApiValidationTest" name="validateCreateResource" time="1.902"/>
  <testcase classname="com.qa.tests.ApiValidationTest" name="validateNotFoundResponse" time="0.566"/>
  <testcase classname="com.qa.tests.ApiValidationTest" name="validateResourceDetails" time="0.057"/>
  <testcase classname="com.qa.tests.ApiValidationTest" name="validateResourceList" time="0.088"/>
</testsuite> <!-- Surefire test -->
