<?xml version="1.0" encoding="UTF-8"?>
<!-- Generated by org.testng.reporters.JUnitXMLReporter -->
<testsuite ignored="0" hostname="agnes_pc" failures="0" tests="3" name="Surefire test" time="2.862" errors="0" timestamp="2026-03-16T20:07:06 CET">
  <testcase classname="com.qa.tests.ApiValidationTest" name="validateCreateResource" time="1.807"/>
  <testcase classname="com.qa.tests.ApiValidationTest" name="validateResourceDetails" time="0.542"/>
  <testcase classname="com.qa.tests.ApiValidationTest" name="validateResourceList" time="0.226"/>
</testsuite> <!-- Surefire test -->
