<?xml version="1.0" encoding="UTF-8"?>
<testng-results ignored="0" total="4" passed="4" failed="0" skipped="0">
  <reporter-output>
  </reporter-output>
  <suite started-at="2026-03-16T20:25:04 CET" name="Surefire suite" finished-at="2026-03-16T20:25:07 CET" duration-ms="2906">
    <groups>
    </groups>
    <test started-at="2026-03-16T20:25:04 CET" name="Surefire test" finished-at="2026-03-16T20:25:07 CET" duration-ms="2906">
      <class name="com.qa.tests.ApiValidationTest">
        <test-method is-config="true" signature="setup()[pri:0, instance:com.qa.tests.ApiValidationTest@5e4c8041]" started-at="2026-03-16T20:25:04 CET" name="setup" finished-at="2026-03-16T20:25:04 CET" duration-ms="265" status="PASS">
          <reporter-output>
          </reporter-output>
        </test-method> <!-- setup -->
        <test-method signature="validateCreateResource()[pri:0, instance:com.qa.tests.ApiValidationTest@5e4c8041]" started-at="2026-03-16T20:25:04 CET" name="validateCreateResource" description="Verify creating a new resource via POST" finished-at="2026-03-16T20:25:06 CET" duration-ms="1902" status="PASS">
          <reporter-output>
          </reporter-output>
        </test-method> <!-- validateCreateResource -->
        <test-method signature="validateNotFoundResponse()[pri:0, instance:com.qa.tests.ApiValidationTest@5e4c8041]" started-at="2026-03-16T20:25:06 CET" name="validateNotFoundResponse" description="Verify that requesting a non-existent resource returns 404 Not Found" finished-at="2026-03-16T20:25:07 CET" duration-ms="566" status="PASS">
          <reporter-output>
          </reporter-output>
        </test-method> <!-- validateNotFoundResponse -->
        <test-method signature="validateResourceDetails()[pri:0, instance:com.qa.tests.ApiValidationTest@5e4c8041]" started-at="2026-03-16T20:25:07 CET" name="validateResourceDetails" description="Verify that a single resource contains the expected fields" finished-at="2026-03-16T20:25:07 CET" duration-ms="57" status="PASS">
          <reporter-output>
          </reporter-output>
        </test-method> <!-- validateResourceDetails -->
        <test-method signature="validateResourceList()[pri:0, instance:com.qa.tests.ApiValidationTest@5e4c8041]" started-at="2026-03-16T20:25:07 CET" name="validateResourceList" description="Check if the GET endpoint returns a 200 status and non-empty body" finished-at="2026-03-16T20:25:07 CET" duration-ms="88" status="PASS">
          <reporter-output>
          </reporter-output>
        </test-method> <!-- validateResourceList -->
      </class> <!-- com.qa.tests.ApiValidationTest -->
    </test> <!-- Surefire test -->
  </suite> <!-- Surefire suite -->
</testng-results>
