<?xml version="1.0" encoding="UTF-8"?>
<testsuite xmlns:xsi="http://www.w3.org/2001/XMLSchema-instance" xsi:noNamespaceSchemaLocation="https://maven.apache.org/surefire/maven-surefire-plugin/xsd/surefire-test-report-3.0.xsd" version="3.0" name="com.qa.tests.ApiValidationTest" time="2.758" tests="4" errors="0" skipped="0" failures="0">
  <properties>
[...]
</properties>
  <testcase name="validateCreateResource" classname="com.qa.tests.ApiValidationTest" time="1.959">
    <system-err><![CDATA[SLF4J: Failed to load class "org.slf4j.impl.StaticLoggerBinder".
SLF4J: Defaulting to no-operation (NOP) logger implementation
SLF4J: See http://www.slf4j.org/codes.html#StaticLoggerBinder for further details.
]]></system-err>
  </testcase>
  <testcase name="validateNotFoundResponse" classname="com.qa.tests.ApiValidationTest" time="0.058">
    <system-out><![CDATA[HTTP/1.1 404 Not Found
Date: Mon, 16 Mar 2026 19:43:36 GMT
Content-Type: application/json; charset=utf-8
Content-Length: 2
Connection: keep-alive
access-control-allow-credentials: true
Cache-Control: max-age=43200
etag: W/"2-vyGp6PvFo4RvsFtPoIWeCReyIC8"
expires: -1
nel: {"report_to":"heroku-nel","response_headers":["Via"],"max_age":3600,"success_fraction":0.01,"failure_fraction":0.1}
pragma: no-cache
report-to: {"group":"heroku-nel","endpoints":[{"url":"https://nel.heroku.com/reports?s=90FG%2FYTn0kMlb%2FSDp9q4pX8gsAhdHro1H7qcZvrwYa0%3D\u0026sid=e11707d5-02a7-43ef-b45e-2cf4d2036f7d\u0026ts=1773689107"}],"max_age":3600}
reporting-endpoints: heroku-nel="https://nel.heroku.com/reports?s=90FG%2FYTn0kMlb%2FSDp9q4pX8gsAhdHro1H7qcZvrwYa0%3D&sid=e11707d5-02a7-43ef-b45e-2cf4d2036f7d&ts=1773689107"
Server: cloudflare
vary: Origin, Accept-Encoding
via: 2.0 heroku-router
x-content-type-options: nosniff
x-powered-by: Express
x-ratelimit-limit: 1000
x-ratelimit-remaining: 998
x-ratelimit-reset: 1773689146
Age: 1109
cf-cache-status: HIT
CF-RAY: 9dd63f6fad6e89ff-MLA
alt-svc: h3=":443"; ma=86400

{
    
}
]]></system-out>
  </testcase>
  <testcase name="validateResourceDetails" classname="com.qa.tests.ApiValidationTest" time="0.056"/>
  <testcase name="validateResourceList" classname="com.qa.tests.ApiValidationTest" time="0.094"/>
</testsuite>