<?xml version="1.0" encoding="UTF-8"?>
<!-- Generated by org.testng.reporters.JUnitReportReporter -->
<testsuite hostname="agnes_pc" failures="0" tests="4" name="com.qa.tests.ApiValidationTest" time="2.613" errors="0" timestamp="2026-03-16T20:25:07 CET" skipped="0">
  <testcase classname="com.qa.tests.ApiValidationTest" name="validateNotFoundResponse" time="0.566"/>
  <system-out/>
  <testcase classname="com.qa.tests.ApiValidationTest" name="validateResourceList" time="0.088"/>
  <system-out/>
  <testcase classname="com.qa.tests.ApiValidationTest" name="validateResourceDetails" time="0.057"/>
  <system-out/>
  <testcase classname="com.qa.tests.ApiValidationTest" name="validateCreateResource" time="1.902"/>
  <system-out/>
</testsuite> <!-- com.qa.tests.ApiValidationTest -->
