<?xml version="1.0" encoding="UTF-8"?>
<!-- Generated by org.testng.reporters.JUnitReportReporter -->
<testsuite hostname="agnes_pc" failures="0" tests="3" name="com.qa.tests.ApiValidationTest" time="2.575" errors="0" timestamp="2026-03-16T20:07:06 CET" skipped="0">
  <testcase classname="com.qa.tests.ApiValidationTest" name="validateResourceDetails" time="0.542"/>
  <system-out/>
  <testcase classname="com.qa.tests.ApiValidationTest" name="validateResourceList" time="0.226"/>
  <system-out/>
  <testcase classname="com.qa.tests.ApiValidationTest" name="validateCreateResource" time="1.807"/>
  <system-out/>
</testsuite> <!-- com.qa.tests.ApiValidationTest -->
